#
# There is insufficient memory for the Java Runtime Environment to continue.
# Native memory allocation (malloc) failed to allocate 32744 bytes for ChunkPool::allocate
# Possible reasons:
#   The system is out of physical RAM or swap space
#   The process is running with CompressedOops enabled, and the Java Heap may be blocking the growth of the native heap
# Possible solutions:
#   Reduce memory load on the system
#   Increase physical memory or swap space
#   Check if swap backing store is full
#   Decrease Java heap size (-Xmx/-Xms)
#   Decrease number of Java threads
#   Decrease Java thread stack sizes (-Xss)
#   Set larger code cache with -XX:ReservedCodeCacheSize=
#   JVM is running with Unscaled Compressed Oops mode in which the Java heap is
#     placed in the first 4GB address space. The Java Heap base address is the
#     maximum limit for the native heap growth. Please use -XX:HeapBaseMinAddress
#     to set the Java Heap base and to place the Java Heap above 4GB virtual address.
# This output file may be truncated or incomplete.
#
#  Out of Memory Error (allocation.cpp:272), pid=9556, tid=0x00000000000006fc
#
# JRE version: OpenJDK Runtime Environment (8.0_342-b07) (build 1.8.0_342-b07)
# Java VM: OpenJDK 64-Bit Server VM (25.342-b07 mixed mode windows-amd64 compressed oops)
# Failed to write core dump. Minidumps are not enabled by default on client versions of Windows
#

---------------  T H R E A D  ---------------

Current thread (0x000000001662f800):  JavaThread "C2 CompilerThread0" daemon [_thread_in_native, id=1788, stack(0x0000000017c90000,0x0000000017d90000)]

Stack: [0x0000000017c90000,0x0000000017d90000]
[error occurred during error reporting (printing stack bounds), id 0xc0000005]

Native frames: (J=compiled Java code, j=interpreted, Vv=VM code, C=native code)


Current CompileTask:
C2:   3665 1678       4       java.net.URLClassLoader$1::run (5 bytes)


---------------  P R O C E S S  ---------------

Java Threads: ( => current thread )
  0x0000000017fd0000 JavaThread "Service Thread" daemon [_thread_blocked, id=1936, stack(0x0000000018390000,0x0000000018490000)]
  0x0000000016638000 JavaThread "C1 CompilerThread2" daemon [_thread_in_vm, id=11676, stack(0x0000000017e90000,0x0000000017f90000)]
  0x0000000016637000 JavaThread "C2 CompilerThread1" daemon [_thread_blocked, id=6956, stack(0x0000000017d90000,0x0000000017e90000)]
=>0x000000001662f800 JavaThread "C2 CompilerThread0" daemon [_thread_in_native, id=1788, stack(0x0000000017c90000,0x0000000017d90000)]
  0x000000001662b800 JavaThread "Attach Listener" daemon [_thread_blocked, id=2376, stack(0x0000000017b90000,0x0000000017c90000)]
  0x000000001662a000 JavaThread "Signal Dispatcher" daemon [_thread_blocked, id=5024, stack(0x0000000017a90000,0x0000000017b90000)]
  0x000000001660a000 JavaThread "Finalizer" daemon [_thread_blocked, id=8960, stack(0x0000000017890000,0x0000000017990000)]
  0x0000000016609000 JavaThread "Reference Handler" daemon [_thread_blocked, id=5944, stack(0x0000000017790000,0x0000000017890000)]
  0x0000000002c62800 JavaThread "main" [_thread_in_Java, id=10032, stack(0x0000000002ae0000,0x0000000002be0000)]

Other Threads:
  0x00000000165e6800 VMThread [stack: 0x0000000017690000,0x0000000017790000] [id=5760]
  0x000000001667d800 WatcherThread [stack: 0x0000000018490000,0x0000000018590000] [id=11596]

VM state:not at safepoint (normal execution)

VM Mutex/Monitor currently owned by a thread: None

heap address: 0x00000000a1400000, size: 1516 MB, Compressed Oops mode: 32-bit
Narrow klass base: 0x0000000000000000, Narrow klass shift: 3
Compressed class space size: 1073741824 Address: 0x0000000100000000

Heap:
 PSYoungGen      total 28672K, used 22267K [0x00000000e0700000, 0x00000000e2700000, 0x0000000100000000)
  eden space 24576K, 74% used [0x00000000e0700000,0x00000000e18c2e70,0x00000000e1f00000)
  from space 4096K, 99% used [0x00000000e1f00000,0x00000000e22fc010,0x00000000e2300000)
  to   space 4096K, 0% used [0x00000000e2300000,0x00000000e2300000,0x00000000e2700000)
 ParOldGen       total 65536K, used 4366K [0x00000000a1400000, 0x00000000a5400000, 0x00000000e0700000)
  object space 65536K, 6% used [0x00000000a1400000,0x00000000a1843ac0,0x00000000a5400000)
 Metaspace       used 15954K, capacity 16376K, committed 16512K, reserved 1062912K
  class space    used 2033K, capacity 2173K, committed 2176K, reserved 1048576K

Card table byte_map: [0x0000000012120000,0x0000000012420000] byte_map_base: 0x0000000011c16000

Marking Bits: (ParMarkBitMap*) 0x0000000067a27480
 Begin Bits: [0x0000000012a20000, 0x00000000141d0000)
 End Bits:   [0x00000000141d0000, 0x0000000015980000)

Polling page: 0x0000000001280000

CodeCache: size=245760Kb used=6587Kb max_used=6594Kb free=239172Kb
 bounds [0x0000000002d60000, 0x00000000033e0000, 0x0000000011d60000]
 total_blobs=2384 nmethods=2047 adapters=250
 compilation: enabled

Compilation events (10 events):
Event: 3.643 Thread 0x0000000016638000 2023       1       com.google.common.collect.AbstractMapBasedMultimap$WrappedCollection::getDelegate (5 bytes)
Event: 3.644 Thread 0x0000000016638000 nmethod 2023 0x00000000033c1450 code [0x00000000033c15a0, 0x00000000033c16b0]
Event: 3.649 Thread 0x0000000016638000 2026       3       org.eclipse.sisu.bean.DeclaredMembers$MemberIterator::next (5 bytes)
Event: 3.649 Thread 0x0000000016638000 nmethod 2026 0x00000000033c1710 code [0x00000000033c18a0, 0x00000000033c1cb8]
Event: 3.649 Thread 0x0000000016638000 2027       3       org.eclipse.sisu.bean.DeclaredMembers$MemberIterator::next (32 bytes)
Event: 3.649 Thread 0x0000000016638000 nmethod 2027 0x00000000033c1e90 code [0x00000000033c2020, 0x00000000033c2358]
Event: 3.651 Thread 0x0000000016638000 2028   !   3       com.google.inject.internal.Initializer$InjectableReference::get (254 bytes)
Event: 3.653 Thread 0x0000000016638000 nmethod 2028 0x00000000033c24d0 code [0x00000000033c27c0, 0x00000000033c3b08]
Event: 3.653 Thread 0x0000000016638000 2030       3       com.google.common.collect.LinkedHashMultimap$ValueEntry::<init> (18 bytes)
Event: 3.653 Thread 0x0000000016638000 nmethod 2030 0x00000000033c4810 code [0x00000000033c4980, 0x00000000033c4c30]

GC Heap History (6 events):
Event: 1.234 GC heap before
{Heap before GC invocations=1 (full 0):
 PSYoungGen      total 28672K, used 24576K [0x00000000e0700000, 0x00000000e2700000, 0x0000000100000000)
  eden space 24576K, 100% used [0x00000000e0700000,0x00000000e1f00000,0x00000000e1f00000)
  from space 4096K, 0% used [0x00000000e2300000,0x00000000e2300000,0x00000000e2700000)
  to   space 4096K, 0% used [0x00000000e1f00000,0x00000000e1f00000,0x00000000e2300000)
 ParOldGen       total 65536K, used 0K [0x00000000a1400000, 0x00000000a5400000, 0x00000000e0700000)
  object space 65536K, 0% used [0x00000000a1400000,0x00000000a1400000,0x00000000a5400000)
 Metaspace       used 9367K, capacity 9644K, committed 9728K, reserved 1058816K
  class space    used 1136K, capacity 1264K, committed 1280K, reserved 1048576K
Event: 1.244 GC heap after
Heap after GC invocations=1 (full 0):
 PSYoungGen      total 28672K, used 4091K [0x00000000e0700000, 0x00000000e2700000, 0x0000000100000000)
  eden space 24576K, 0% used [0x00000000e0700000,0x00000000e0700000,0x00000000e1f00000)
  from space 4096K, 99% used [0x00000000e1f00000,0x00000000e22fef00,0x00000000e2300000)
  to   space 4096K, 0% used [0x00000000e2300000,0x00000000e2300000,0x00000000e2700000)
 ParOldGen       total 65536K, used 1001K [0x00000000a1400000, 0x00000000a5400000, 0x00000000e0700000)
  object space 65536K, 1% used [0x00000000a1400000,0x00000000a14fa7a8,0x00000000a5400000)
 Metaspace       used 9367K, capacity 9644K, committed 9728K, reserved 1058816K
  class space    used 1136K, capacity 1264K, committed 1280K, reserved 1048576K
}
Event: 1.863 GC heap before
{Heap before GC invocations=2 (full 0):
 PSYoungGen      total 28672K, used 28667K [0x00000000e0700000, 0x00000000e2700000, 0x0000000100000000)
  eden space 24576K, 100% used [0x00000000e0700000,0x00000000e1f00000,0x00000000e1f00000)
  from space 4096K, 99% used [0x00000000e1f00000,0x00000000e22fef00,0x00000000e2300000)
  to   space 4096K, 0% used [0x00000000e2300000,0x00000000e2300000,0x00000000e2700000)
 ParOldGen       total 65536K, used 1001K [0x00000000a1400000, 0x00000000a5400000, 0x00000000e0700000)
  object space 65536K, 1% used [0x00000000a1400000,0x00000000a14fa7a8,0x00000000a5400000)
 Metaspace       used 10834K, capacity 11126K, committed 11264K, reserved 1058816K
  class space    used 1326K, capacity 1429K, committed 1536K, reserved 1048576K
Event: 1.870 GC heap after
Heap after GC invocations=2 (full 0):
 PSYoungGen      total 28672K, used 4089K [0x00000000e0700000, 0x00000000e2700000, 0x0000000100000000)
  eden space 24576K, 0% used [0x00000000e0700000,0x00000000e0700000,0x00000000e1f00000)
  from space 4096K, 99% used [0x00000000e2300000,0x00000000e26fe400,0x00000000e2700000)
  to   space 4096K, 0% used [0x00000000e1f00000,0x00000000e1f00000,0x00000000e2300000)
 ParOldGen       total 65536K, used 1994K [0x00000000a1400000, 0x00000000a5400000, 0x00000000e0700000)
  object space 65536K, 3% used [0x00000000a1400000,0x00000000a15f2810,0x00000000a5400000)
 Metaspace       used 10834K, capacity 11126K, committed 11264K, reserved 1058816K
  class space    used 1326K, capacity 1429K, committed 1536K, reserved 1048576K
}
Event: 2.890 GC heap before
{Heap before GC invocations=3 (full 0):
 PSYoungGen      total 28672K, used 28665K [0x00000000e0700000, 0x00000000e2700000, 0x0000000100000000)
  eden space 24576K, 100% used [0x00000000e0700000,0x00000000e1f00000,0x00000000e1f00000)
  from space 4096K, 99% used [0x00000000e2300000,0x00000000e26fe400,0x00000000e2700000)
  to   space 4096K, 0% used [0x00000000e1f00000,0x00000000e1f00000,0x00000000e2300000)
 ParOldGen       total 65536K, used 1994K [0x00000000a1400000, 0x00000000a5400000, 0x00000000e0700000)
  object space 65536K, 3% used [0x00000000a1400000,0x00000000a15f2810,0x00000000a5400000)
 Metaspace       used 13632K, capacity 14002K, committed 14208K, reserved 1060864K
  class space    used 1708K, capacity 1862K, committed 1920K, reserved 1048576K
Event: 2.900 GC heap after
Heap after GC invocations=3 (full 0):
 PSYoungGen      total 28672K, used 4080K [0x00000000e0700000, 0x00000000e2700000, 0x0000000100000000)
  eden space 24576K, 0% used [0x00000000e0700000,0x00000000e0700000,0x00000000e1f00000)
  from space 4096K, 99% used [0x00000000e1f00000,0x00000000e22fc010,0x00000000e2300000)
  to   space 4096K, 0% used [0x00000000e2300000,0x00000000e2300000,0x00000000e2700000)
 ParOldGen       total 65536K, used 4366K [0x00000000a1400000, 0x00000000a5400000, 0x00000000e0700000)
  object space 65536K, 6% used [0x00000000a1400000,0x00000000a1843ac0,0x00000000a5400000)
 Metaspace       used 13632K, capacity 14002K, committed 14208K, reserved 1060864K
  class space    used 1708K, capacity 1862K, committed 1920K, reserved 1048576K
}

Deoptimization events (10 events):
Event: 1.354 Thread 0x0000000002c62800 Uncommon trap: reason=unstable_if action=reinterpret pc=0x000000000309fb34 method=org.codehaus.plexus.util.xml.pull.MXParser.nextImpl()I @ 200
Event: 1.645 Thread 0x0000000002c62800 Uncommon trap: reason=unstable_if action=reinterpret pc=0x00000000030565c8 method=java.util.HashMap.getNode(ILjava/lang/Object;)Ljava/util/HashMap$Node; @ 129
Event: 1.645 Thread 0x0000000002c62800 Uncommon trap: reason=unstable_if action=reinterpret pc=0x00000000030581b0 method=java.util.HashMap.getNode(ILjava/lang/Object;)Ljava/util/HashMap$Node; @ 129
Event: 1.686 Thread 0x0000000002c62800 Uncommon trap: reason=unstable_if action=reinterpret pc=0x0000000002fc01f8 method=sun.misc.MetaIndex.mayContain(Ljava/lang/String;)Z @ 38
Event: 2.914 Thread 0x0000000002c62800 Uncommon trap: reason=array_check action=maybe_recompile pc=0x0000000003264944 method=java.util.stream.Nodes$FixedNodeBuilder.accept(Ljava/lang/Object;)V @ 28
Event: 2.914 Thread 0x0000000002c62800 Uncommon trap: reason=array_check action=maybe_recompile pc=0x0000000003264944 method=java.util.stream.Nodes$FixedNodeBuilder.accept(Ljava/lang/Object;)V @ 28
Event: 2.914 Thread 0x0000000002c62800 Uncommon trap: reason=array_check action=maybe_recompile pc=0x0000000003264944 method=java.util.stream.Nodes$FixedNodeBuilder.accept(Ljava/lang/Object;)V @ 28
Event: 2.914 Thread 0x0000000002c62800 Uncommon trap: reason=array_check action=maybe_recompile pc=0x0000000003264944 method=java.util.stream.Nodes$FixedNodeBuilder.accept(Ljava/lang/Object;)V @ 28
Event: 3.104 Thread 0x0000000002c62800 Uncommon trap: reason=unstable_if action=reinterpret pc=0x00000000030b0014 method=java.lang.ClassLoader.checkName(Ljava/lang/String;)Z @ 1
Event: 3.589 Thread 0x0000000002c62800 Uncommon trap: reason=predicate action=maybe_recompile pc=0x0000000003024374 method=sun.net.www.ParseUtil.encodePath(Ljava/lang/String;Z)Ljava/lang/String; @ 36

Classes redefined (0 events):
No events

Internal exceptions (10 events):
Event: 0.572 Thread 0x0000000002c62800 Exception <a 'java/lang/NoSuchFieldError': method resolution failed> (0x00000000e0f66870) thrown at [C:\tmp\build-8\jdk8u\hotspot\src\share\vm\prims\methodHandles.cpp, line 1194]
Event: 0.575 Thread 0x0000000002c62800 Exception <a 'java/lang/NoSuchFieldError': method resolution failed> (0x00000000e0f73f90) thrown at [C:\tmp\build-8\jdk8u\hotspot\src\share\vm\prims\methodHandles.cpp, line 1194]
Event: 0.638 Thread 0x0000000002c62800 Exception <a 'java/lang/NoSuchMethodError': java.lang.Object.lambda$andThen$1(Ljava/util/function/Function;Ljava/lang/Object;)Ljava/lang/Object;> (0x00000000e1010760) thrown at [C:\tmp\build-8\jdk8u\hotspot\src\share\vm\interpreter\linkResolver.cpp, line 
Event: 0.967 Thread 0x0000000002c62800 Exception <a 'java/lang/NoSuchMethodError': java.lang.Object.lambda$comparing$77a9974f$1(Ljava/util/function/Function;Ljava/lang/Object;Ljava/lang/Object;)I> (0x00000000e19ef8c0) thrown at [C:\tmp\build-8\jdk8u\hotspot\src\share\vm\interpreter\linkResolve
Event: 0.971 Thread 0x0000000002c62800 Exception <a 'java/lang/NoSuchMethodError': java.lang.Object.lambda$comparing$ea9a8b3a$1(Ljava/util/Comparator;Ljava/util/function/Function;Ljava/lang/Object;Ljava/lang/Object;)I> (0x00000000e1a04c10) thrown at [C:\tmp\build-8\jdk8u\hotspot\src\share\vm\i
Event: 0.972 Thread 0x0000000002c62800 Exception <a 'java/lang/NoSuchMethodError': java.lang.Object.lambda$thenComparing$36697e65$1(Ljava/util/Comparator;Ljava/lang/Object;Ljava/lang/Object;)I> (0x00000000e1a0c828) thrown at [C:\tmp\build-8\jdk8u\hotspot\src\share\vm\interpreter\linkResolver.c
Event: 1.154 Thread 0x0000000002c62800 Exception <a 'java/lang/NoClassDefFoundError': javax/enterprise/inject/Typed> (0x00000000e1ded290) thrown at [C:\tmp\build-8\jdk8u\hotspot\src\share\vm\classfile\systemDictionary.cpp, line 206]
Event: 3.104 Thread 0x0000000002c62800 Implicit null exception at 0x00000000030afe4c to 0x00000000030b0005
Event: 3.587 Thread 0x0000000002c62800 Exception <a 'java/lang/NoClassDefFoundError': com/google/inject/servlet/ServletModuleTargetVisitor> (0x00000000e17466b0) thrown at [C:\tmp\build-8\jdk8u\hotspot\src\share\vm\classfile\systemDictionary.cpp, line 206]
Event: 3.588 Thread 0x0000000002c62800 Exception <a 'java/lang/NoClassDefFoundError'> (0x00000000e17466b0) thrown at [C:\tmp\build-8\jdk8u\hotspot\src\share\vm\prims\jvm.cpp, line 1528]

Events (10 events):
Event: 3.649 loading class org/apache/maven/repository/RepositorySystem done
Event: 3.649 loading class org/apache/maven/project/ProjectRealmCache
Event: 3.649 loading class org/apache/maven/project/ProjectRealmCache done
Event: 3.649 loading class org/apache/maven/classrealm/ClassRealmManager
Event: 3.649 loading class org/apache/maven/classrealm/ClassRealmManager done
Event: 3.649 loading class org/codehaus/plexus/PlexusContainer
Event: 3.649 loading class org/codehaus/plexus/PlexusContainer done
Event: 3.650 loading class org/eclipse/sisu/inject/Guice4$1
Event: 3.650 loading class org/eclipse/sisu/inject/Guice4$1 done
Event: 3.653 loading class java/util/Random


Dynamic libraries:
0x00007ff71f8c0000 - 0x00007ff71f8f5000 	D:\Program Files\NetBeansJDKs\OpenJDK8U-jdk_x64_windows_8u342b07\openjdk-8u342-b07\bin\java.exe
0x00007ff9a4650000 - 0x00007ff9a4848000 	C:\windows\SYSTEM32\ntdll.dll
0x00007ff9a2d70000 - 0x00007ff9a2e2d000 	C:\windows\System32\KERNEL32.DLL
0x00007ff9a1d60000 - 0x00007ff9a2056000 	C:\windows\System32\KERNELBASE.dll
0x00007ff9a44c0000 - 0x00007ff9a456e000 	C:\windows\System32\ADVAPI32.dll
0x00007ff9a4570000 - 0x00007ff9a460e000 	C:\windows\System32\msvcrt.dll
0x00007ff9a2ac0000 - 0x00007ff9a2b5c000 	C:\windows\System32\sechost.dll
0x00007ff9a2c40000 - 0x00007ff9a2d66000 	C:\windows\System32\RPCRT4.dll
0x00007ff9a2790000 - 0x00007ff9a292e000 	C:\windows\System32\USER32.dll
0x00007ff9a1d30000 - 0x00007ff9a1d52000 	C:\windows\System32\win32u.dll
0x00007ff9a2e30000 - 0x00007ff9a2e5c000 	C:\windows\System32\GDI32.dll
0x00007ff9a2400000 - 0x00007ff9a251a000 	C:\windows\System32\gdi32full.dll
0x00007ff9a2270000 - 0x00007ff9a230d000 	C:\windows\System32\msvcp_win.dll
0x00007ff9a2520000 - 0x00007ff9a2620000 	C:\windows\System32\ucrtbase.dll
0x00007ff988bb0000 - 0x00007ff988e4a000 	C:\windows\WinSxS\amd64_microsoft.windows.common-controls_6595b64144ccf1df_6.0.19041.1110_none_60b5254171f9507e\COMCTL32.dll
0x00007ff9a36e0000 - 0x00007ff9a3710000 	C:\windows\System32\IMM32.DLL
0x0000000067ab0000 - 0x0000000067b82000 	D:\Program Files\NetBeansJDKs\OpenJDK8U-jdk_x64_windows_8u342b07\openjdk-8u342-b07\jre\bin\msvcr100.dll
0x0000000067210000 - 0x0000000067aa9000 	D:\Program Files\NetBeansJDKs\OpenJDK8U-jdk_x64_windows_8u342b07\openjdk-8u342-b07\jre\bin\server\jvm.dll
0x00007ff9a2780000 - 0x00007ff9a2788000 	C:\windows\System32\PSAPI.DLL
0x00007ff998110000 - 0x00007ff99811a000 	C:\windows\SYSTEM32\VERSION.dll
0x00007ff9980e0000 - 0x00007ff998107000 	C:\windows\SYSTEM32\WINMM.dll
0x00007ff9885d0000 - 0x00007ff9885d9000 	C:\windows\SYSTEM32\WSOCK32.dll
0x00007ff9a3770000 - 0x00007ff9a37db000 	C:\windows\System32\WS2_32.dll
0x00007ff99d6e0000 - 0x00007ff99d6ef000 	D:\Program Files\NetBeansJDKs\OpenJDK8U-jdk_x64_windows_8u342b07\openjdk-8u342-b07\jre\bin\verify.dll
0x00007ff98b5f0000 - 0x00007ff98b619000 	D:\Program Files\NetBeansJDKs\OpenJDK8U-jdk_x64_windows_8u342b07\openjdk-8u342-b07\jre\bin\java.dll
0x00007ff98b5a0000 - 0x00007ff98b5b6000 	D:\Program Files\NetBeansJDKs\OpenJDK8U-jdk_x64_windows_8u342b07\openjdk-8u342-b07\jre\bin\zip.dll
0x00007ff9a3920000 - 0x00007ff9a4065000 	C:\windows\System32\SHELL32.dll
0x00007ff99fd80000 - 0x00007ff9a051b000 	C:\windows\SYSTEM32\windows.storage.dll
0x00007ff9a4070000 - 0x00007ff9a43c4000 	C:\windows\System32\combase.dll
0x00007ff9a16a0000 - 0x00007ff9a16ce000 	C:\windows\SYSTEM32\Wldp.dll
0x00007ff9a2a10000 - 0x00007ff9a2abd000 	C:\windows\System32\SHCORE.dll
0x00007ff9a3710000 - 0x00007ff9a3765000 	C:\windows\System32\shlwapi.dll
0x00007ff9a1c60000 - 0x00007ff9a1c85000 	C:\windows\SYSTEM32\profapi.dll
0x0000000069ac0000 - 0x0000000069ae4000 	D:\Program Files\NetBeans-18\netbeans\java\maven\lib\jansi-native\Windows\x86_64\jansi.dll

VM Arguments:
jvm_args: -Dclassworlds.conf=D:\Program Files\NetBeans-18\netbeans\java\maven\bin\m2.conf -Dmaven.home=D:\Program Files\NetBeans-18\netbeans\java\maven -Dlibrary.jansi.path=D:\Program Files\NetBeans-18\netbeans\java\maven\lib\jansi-native -Dmaven.multiModuleProjectDirectory=C:\Users\dr264\Documents\NetBeansProjects\Lab2_PLN0 
java_command: org.codehaus.plexus.classworlds.launcher.Launcher -Dnetbeans.deploy=true -Dexec.vmArgs= -Dexec.appArgs= -Dmaven.ext.class.path=D:\Program Files\NetBeans-18\netbeans\java\maven-nblib\netbeans-eventspy.jar -Dfile.encoding=UTF-8 --no-transfer-progress package
java_class_path (initial): D:\Program Files\NetBeans-18\netbeans\java\maven\boot\plexus-classworlds-2.6.0.jar
Launcher Type: SUN_STANDARD

Environment Variables:
JAVA_HOME=D:\Program Files\NetBeansJDKs\OpenJDK8U-jdk_x64_windows_8u342b07\openjdk-8u342-b07
PATH=C:\Program Files\Common Files\Oracle\Java\javapath;C:\Program Files\Eclipse Foundation\jdk-8.0.302.8-hotspot\bin;D:\Oracle\dbhomeXE\bin;C:\app\dr264\product\21c\dbhomeXE\bin;C:\Program Files (x86)\Common Files\Oracle\Java\javapath;C:\windows\system32;C:\windows;C:\windows\System32\Wbem;C:\windows\System32\WindowsPowerShell\v1.0\;C:\windows\System32\OpenSSH\;C:\Program Files\Microsoft SQL Server\130\Tools\Binn\;C:\Program Files\Microsoft SQL Server\Client SDK\ODBC\130\Tools\Binn\;C:\Program Files\Microsoft SQL Server\Client SDK\ODBC\170\Tools\Binn\;JAVA_HOME%\bin.;C:\Program Files\Microsoft SQL Server\150\Tools\Binn\;C:\Program Files\dotnet\;C:\Program Files\Docker\Docker\resources\bin;D:\Nodejs\;D:\Descargas\cmake-3.26.3-windows-x86_64\bin;D:\Program Files\Putty\;D:\Program Files\Git\cmd;C:\Users\dr264\AppData\Local\Programs\Python\Python310\Scripts\;C:\Users\dr264\AppData\Local\Programs\Python\Python310\;C:\Users\dr264\AppData\Local\Microsoft\WindowsApps;;C:\Program Files\Azure Data Studio\bin;C:\Users\dr264\.dotnet\tools;C:\Users\dr264\AppData\Roaming\npm;D:\Program Files\Microsoft VS Code\Microsoft VS Code\bin;C:\Users\dr264\AppData\Local\Programs\oh-my-posh\bin
USERNAME=dr264
OS=Windows_NT
PROCESSOR_IDENTIFIER=AMD64 Family 23 Model 24 Stepping 1, AuthenticAMD



---------------  S Y S T E M  ---------------

OS: Windows 10.0 , 64 bit Build 19041 (10.0.19041.3393)

CPU:total 4 (initial active 4) (4 cores per cpu, 1 threads per core) family 23 model 24 stepping 1, cmov, cx8, fxsr, mmx, sse, sse2, sse3, ssse3, sse4.1, sse4.2, popcnt, avx, avx2, aes, clmul, mmxext, 3dnowpref, lzcnt, sse4a, tsc, tscinvbit, tscinv, bmi1

Memory: 4k page, physical 6205464k(488336k free), swap 11188464k(3096k free)

vm_info: OpenJDK 64-Bit Server VM (25.342-b07) for windows-amd64 JRE (1.8.0_342-b07), built on Jul 16 2022 23:54:39 by "tester" with MS VC++ 10.0 (VS2010)

time: Sat Sep 23 06:20:50 2023
timezone: Central America Standard Time
elapsed time: 3.672524 seconds (0d 0h 0m 3s)

