#
# There is insufficient memory for the Java Runtime Environment to continue.
# Native memory allocation (malloc) failed to allocate 32744 bytes for ChunkPool::allocate
# Possible reasons:
#   The system is out of physical RAM or swap space
#   The process is running with CompressedOops enabled, and the Java Heap may be blocking the growth of the native heap
# Possible solutions:
#   Reduce memory load on the system
#   Increase physical memory or swap space
#   Check if swap backing store is full
#   Decrease Java heap size (-Xmx/-Xms)
#   Decrease number of Java threads
#   Decrease Java thread stack sizes (-Xss)
#   Set larger code cache with -XX:ReservedCodeCacheSize=
#   JVM is running with Unscaled Compressed Oops mode in which the Java heap is
#     placed in the first 4GB address space. The Java Heap base address is the
#     maximum limit for the native heap growth. Please use -XX:HeapBaseMinAddress
#     to set the Java Heap base and to place the Java Heap above 4GB virtual address.
# This output file may be truncated or incomplete.
#
#  Out of Memory Error (allocation.cpp:272), pid=1420, tid=0x0000000000001630
#
# JRE version: OpenJDK Runtime Environment (8.0_342-b07) (build 1.8.0_342-b07)
# Java VM: OpenJDK 64-Bit Server VM (25.342-b07 mixed mode windows-amd64 compressed oops)
# Failed to write core dump. Minidumps are not enabled by default on client versions of Windows
#

---------------  T H R E A D  ---------------

Current thread (0x0000000015ec8800):  JavaThread "C1 CompilerThread2" daemon [_thread_in_native, id=5680, stack(0x0000000017710000,0x0000000017810000)]

Stack: [0x0000000017710000,0x0000000017810000]
[error occurred during error reporting (printing stack bounds), id 0xc0000005]

Native frames: (J=compiled Java code, j=interpreted, Vv=VM code, C=native code)


Current CompileTask:
C1:   2567 2071       3       jdk.internal.org.objectweb.asm.Type::getDescriptor (87 bytes)


---------------  P R O C E S S  ---------------

Java Threads: ( => current thread )
  0x0000000017839800 JavaThread "Service Thread" daemon [_thread_blocked, id=11928, stack(0x0000000017c10000,0x0000000017d10000)]
=>0x0000000015ec8800 JavaThread "C1 CompilerThread2" daemon [_thread_in_native, id=5680, stack(0x0000000017710000,0x0000000017810000)]
  0x0000000015ec4000 JavaThread "C2 CompilerThread1" daemon [_thread_in_native, id=8768, stack(0x0000000017610000,0x0000000017710000)]
  0x0000000015ec0000 JavaThread "C2 CompilerThread0" daemon [_thread_in_native, id=9576, stack(0x0000000017510000,0x0000000017610000)]
  0x0000000015eba000 JavaThread "Attach Listener" daemon [_thread_blocked, id=3792, stack(0x0000000017410000,0x0000000017510000)]
  0x0000000015eb8800 JavaThread "Signal Dispatcher" daemon [_thread_blocked, id=6804, stack(0x0000000017310000,0x0000000017410000)]
  0x0000000015e9a000 JavaThread "Finalizer" daemon [_thread_blocked, id=8352, stack(0x0000000017110000,0x0000000017210000)]
  0x0000000015e99000 JavaThread "Reference Handler" daemon [_thread_blocked, id=4460, stack(0x0000000017010000,0x0000000017110000)]
  0x00000000024f2800 JavaThread "main" [_thread_in_vm, id=12256, stack(0x00000000023f0000,0x00000000024f0000)]

Other Threads:
  0x0000000015e76800 VMThread [stack: 0x0000000016f10000,0x0000000017010000] [id=7252]
  0x000000001783a000 WatcherThread [stack: 0x0000000017d10000,0x0000000017e10000] [id=4976]

VM state:not at safepoint (normal execution)

VM Mutex/Monitor currently owned by a thread: None

heap address: 0x00000000a1400000, size: 1516 MB, Compressed Oops mode: 32-bit
Narrow klass base: 0x0000000000000000, Narrow klass shift: 3
Compressed class space size: 1073741824 Address: 0x0000000100000000

Heap:
 PSYoungGen      total 28672K, used 24215K [0x00000000e0700000, 0x00000000e3f00000, 0x0000000100000000)
  eden space 24576K, 81% used [0x00000000e0700000,0x00000000e1aadf60,0x00000000e1f00000)
  from space 4096K, 99% used [0x00000000e1f00000,0x00000000e22f8040,0x00000000e2300000)
  to   space 4096K, 0% used [0x00000000e3b00000,0x00000000e3b00000,0x00000000e3f00000)
 ParOldGen       total 65536K, used 4433K [0x00000000a1400000, 0x00000000a5400000, 0x00000000e0700000)
  object space 65536K, 6% used [0x00000000a1400000,0x00000000a1854678,0x00000000a5400000)
 Metaspace       used 16026K, capacity 16462K, committed 16640K, reserved 1062912K
  class space    used 2043K, capacity 2206K, committed 2304K, reserved 1048576K

Card table byte_map: [0x00000000119b0000,0x0000000011cb0000] byte_map_base: 0x00000000114a6000

Marking Bits: (ParMarkBitMap*) 0x0000000067a27480
 Begin Bits: [0x00000000122b0000, 0x0000000013a60000)
 End Bits:   [0x0000000013a60000, 0x0000000015210000)

Polling page: 0x0000000002270000

CodeCache: size=245760Kb used=6626Kb max_used=6626Kb free=239133Kb
 bounds [0x00000000025f0000, 0x0000000002c70000, 0x00000000115f0000]
 total_blobs=2407 nmethods=2066 adapters=253
 compilation: enabled

Compilation events (10 events):
Event: 2.560 Thread 0x0000000015ec8800 nmethod 2062 0x0000000002c5f510 code [0x0000000002c5f660, 0x0000000002c5f770]
Event: 2.560 Thread 0x0000000015ec8800 2067       1       com.google.inject.internal.ConstructionContext::isConstructing (5 bytes)
Event: 2.561 Thread 0x0000000015ec8800 nmethod 2067 0x0000000002c5f250 code [0x0000000002c5f3a0, 0x0000000002c5f4b0]
Event: 2.561 Thread 0x0000000015ec8800 2065       1       com.google.inject.internal.ProvisionListenerStackCallback::access$100 (5 bytes)
Event: 2.561 Thread 0x0000000015ec8800 nmethod 2065 0x0000000002c5ef90 code [0x0000000002c5f0e0, 0x0000000002c5f1d0]
Event: 2.561 Thread 0x0000000015ec8800 2060       3       java.lang.invoke.MemberName::getModifiers (8 bytes)
Event: 2.561 Thread 0x0000000015ec8800 nmethod 2060 0x0000000002c62e50 code [0x0000000002c62fa0, 0x0000000002c630f0]
Event: 2.563 Thread 0x0000000015ec8800 2069       3       java.util.concurrent.ConcurrentHashMap::put (8 bytes)
Event: 2.563 Thread 0x0000000015ec8800 nmethod 2069 0x0000000002c62a50 code [0x0000000002c62bc0, 0x0000000002c62dc8]
Event: 2.564 Thread 0x0000000015ec8800 2071       3       jdk.internal.org.objectweb.asm.Type::getDescriptor (87 bytes)

GC Heap History (6 events):
Event: 1.181 GC heap before
{Heap before GC invocations=1 (full 0):
 PSYoungGen      total 28672K, used 24576K [0x00000000e0700000, 0x00000000e2700000, 0x0000000100000000)
  eden space 24576K, 100% used [0x00000000e0700000,0x00000000e1f00000,0x00000000e1f00000)
  from space 4096K, 0% used [0x00000000e2300000,0x00000000e2300000,0x00000000e2700000)
  to   space 4096K, 0% used [0x00000000e1f00000,0x00000000e1f00000,0x00000000e2300000)
 ParOldGen       total 65536K, used 0K [0x00000000a1400000, 0x00000000a5400000, 0x00000000e0700000)
  object space 65536K, 0% used [0x00000000a1400000,0x00000000a1400000,0x00000000a5400000)
 Metaspace       used 9327K, capacity 9572K, committed 9728K, reserved 1058816K
  class space    used 1135K, capacity 1264K, committed 1280K, reserved 1048576K
Event: 1.187 GC heap after
Heap after GC invocations=1 (full 0):
 PSYoungGen      total 28672K, used 4071K [0x00000000e0700000, 0x00000000e2700000, 0x0000000100000000)
  eden space 24576K, 0% used [0x00000000e0700000,0x00000000e0700000,0x00000000e1f00000)
  from space 4096K, 99% used [0x00000000e1f00000,0x00000000e22f9da0,0x00000000e2300000)
  to   space 4096K, 0% used [0x00000000e2300000,0x00000000e2300000,0x00000000e2700000)
 ParOldGen       total 65536K, used 1037K [0x00000000a1400000, 0x00000000a5400000, 0x00000000e0700000)
  object space 65536K, 1% used [0x00000000a1400000,0x00000000a1503468,0x00000000a5400000)
 Metaspace       used 9327K, capacity 9572K, committed 9728K, reserved 1058816K
  class space    used 1135K, capacity 1264K, committed 1280K, reserved 1048576K
}
Event: 1.545 GC heap before
{Heap before GC invocations=2 (full 0):
 PSYoungGen      total 28672K, used 28647K [0x00000000e0700000, 0x00000000e2700000, 0x0000000100000000)
  eden space 24576K, 100% used [0x00000000e0700000,0x00000000e1f00000,0x00000000e1f00000)
  from space 4096K, 99% used [0x00000000e1f00000,0x00000000e22f9da0,0x00000000e2300000)
  to   space 4096K, 0% used [0x00000000e2300000,0x00000000e2300000,0x00000000e2700000)
 ParOldGen       total 65536K, used 1037K [0x00000000a1400000, 0x00000000a5400000, 0x00000000e0700000)
  object space 65536K, 1% used [0x00000000a1400000,0x00000000a1503468,0x00000000a5400000)
 Metaspace       used 10806K, capacity 11122K, committed 11264K, reserved 1058816K
  class space    used 1324K, capacity 1429K, committed 1536K, reserved 1048576K
Event: 1.550 GC heap after
Heap after GC invocations=2 (full 0):
 PSYoungGen      total 28672K, used 4089K [0x00000000e0700000, 0x00000000e2700000, 0x0000000100000000)
  eden space 24576K, 0% used [0x00000000e0700000,0x00000000e0700000,0x00000000e1f00000)
  from space 4096K, 99% used [0x00000000e2300000,0x00000000e26fe488,0x00000000e2700000)
  to   space 4096K, 0% used [0x00000000e1f00000,0x00000000e1f00000,0x00000000e2300000)
 ParOldGen       total 65536K, used 2004K [0x00000000a1400000, 0x00000000a5400000, 0x00000000e0700000)
  object space 65536K, 3% used [0x00000000a1400000,0x00000000a15f5350,0x00000000a5400000)
 Metaspace       used 10806K, capacity 11122K, committed 11264K, reserved 1058816K
  class space    used 1324K, capacity 1429K, committed 1536K, reserved 1048576K
}
Event: 1.969 GC heap before
{Heap before GC invocations=3 (full 0):
 PSYoungGen      total 28672K, used 28665K [0x00000000e0700000, 0x00000000e2700000, 0x0000000100000000)
  eden space 24576K, 100% used [0x00000000e0700000,0x00000000e1f00000,0x00000000e1f00000)
  from space 4096K, 99% used [0x00000000e2300000,0x00000000e26fe488,0x00000000e2700000)
  to   space 4096K, 0% used [0x00000000e1f00000,0x00000000e1f00000,0x00000000e2300000)
 ParOldGen       total 65536K, used 2004K [0x00000000a1400000, 0x00000000a5400000, 0x00000000e0700000)
  object space 65536K, 3% used [0x00000000a1400000,0x00000000a15f5350,0x00000000a5400000)
 Metaspace       used 13596K, capacity 13930K, committed 14208K, reserved 1060864K
  class space    used 1703K, capacity 1862K, committed 1920K, reserved 1048576K
Event: 1.975 GC heap after
Heap after GC invocations=3 (full 0):
 PSYoungGen      total 28672K, used 4064K [0x00000000e0700000, 0x00000000e3f00000, 0x0000000100000000)
  eden space 24576K, 0% used [0x00000000e0700000,0x00000000e0700000,0x00000000e1f00000)
  from space 4096K, 99% used [0x00000000e1f00000,0x00000000e22f8040,0x00000000e2300000)
  to   space 4096K, 0% used [0x00000000e3b00000,0x00000000e3b00000,0x00000000e3f00000)
 ParOldGen       total 65536K, used 4433K [0x00000000a1400000, 0x00000000a5400000, 0x00000000e0700000)
  object space 65536K, 6% used [0x00000000a1400000,0x00000000a1854678,0x00000000a5400000)
 Metaspace       used 13596K, capacity 13930K, committed 14208K, reserved 1060864K
  class space    used 1703K, capacity 1862K, committed 1920K, reserved 1048576K
}

Deoptimization events (10 events):
Event: 1.277 Thread 0x00000000024f2800 Uncommon trap: reason=unstable_if action=reinterpret pc=0x00000000029234c0 method=org.codehaus.plexus.util.xml.pull.MXParser.nextImpl()I @ 241
Event: 1.341 Thread 0x00000000024f2800 Uncommon trap: reason=unstable_if action=reinterpret pc=0x00000000028d63c8 method=java.util.HashMap.getNode(ILjava/lang/Object;)Ljava/util/HashMap$Node; @ 129
Event: 1.341 Thread 0x00000000024f2800 Uncommon trap: reason=unstable_if action=reinterpret pc=0x00000000028d7fb0 method=java.util.HashMap.getNode(ILjava/lang/Object;)Ljava/util/HashMap$Node; @ 129
Event: 1.387 Thread 0x00000000024f2800 Uncommon trap: reason=unstable_if action=reinterpret pc=0x0000000002848a38 method=sun.misc.MetaIndex.mayContain(Ljava/lang/String;)Z @ 38
Event: 1.984 Thread 0x00000000024f2800 Uncommon trap: reason=array_check action=maybe_recompile pc=0x0000000002adcb44 method=java.util.stream.Nodes$FixedNodeBuilder.accept(Ljava/lang/Object;)V @ 28
Event: 1.984 Thread 0x00000000024f2800 Uncommon trap: reason=array_check action=maybe_recompile pc=0x0000000002adcb44 method=java.util.stream.Nodes$FixedNodeBuilder.accept(Ljava/lang/Object;)V @ 28
Event: 1.985 Thread 0x00000000024f2800 Uncommon trap: reason=array_check action=maybe_recompile pc=0x0000000002adcb44 method=java.util.stream.Nodes$FixedNodeBuilder.accept(Ljava/lang/Object;)V @ 28
Event: 1.985 Thread 0x00000000024f2800 Uncommon trap: reason=array_check action=maybe_recompile pc=0x0000000002adcb44 method=java.util.stream.Nodes$FixedNodeBuilder.accept(Ljava/lang/Object;)V @ 28
Event: 2.075 Thread 0x00000000024f2800 Uncommon trap: reason=unstable_if action=reinterpret pc=0x0000000002924f14 method=java.lang.ClassLoader.checkName(Ljava/lang/String;)Z @ 1
Event: 2.446 Thread 0x00000000024f2800 Uncommon trap: reason=predicate action=maybe_recompile pc=0x00000000028a6f74 method=sun.net.www.ParseUtil.encodePath(Ljava/lang/String;Z)Ljava/lang/String; @ 36

Classes redefined (0 events):
No events

Internal exceptions (10 events):
Event: 0.769 Thread 0x00000000024f2800 Exception <a 'java/lang/NoSuchFieldError': method resolution failed> (0x00000000e0f639b0) thrown at [C:\tmp\build-8\jdk8u\hotspot\src\share\vm\prims\methodHandles.cpp, line 1194]
Event: 0.771 Thread 0x00000000024f2800 Exception <a 'java/lang/NoSuchFieldError': method resolution failed> (0x00000000e0f710d0) thrown at [C:\tmp\build-8\jdk8u\hotspot\src\share\vm\prims\methodHandles.cpp, line 1194]
Event: 0.807 Thread 0x00000000024f2800 Exception <a 'java/lang/NoSuchMethodError': java.lang.Object.lambda$andThen$1(Ljava/util/function/Function;Ljava/lang/Object;)Ljava/lang/Object;> (0x00000000e100d5a8) thrown at [C:\tmp\build-8\jdk8u\hotspot\src\share\vm\interpreter\linkResolver.cpp, line 
Event: 1.040 Thread 0x00000000024f2800 Exception <a 'java/lang/NoSuchMethodError': java.lang.Object.lambda$comparing$77a9974f$1(Ljava/util/function/Function;Ljava/lang/Object;Ljava/lang/Object;)I> (0x00000000e19ed118) thrown at [C:\tmp\build-8\jdk8u\hotspot\src\share\vm\interpreter\linkResolve
Event: 1.043 Thread 0x00000000024f2800 Exception <a 'java/lang/NoSuchMethodError': java.lang.Object.lambda$comparing$ea9a8b3a$1(Ljava/util/Comparator;Ljava/util/function/Function;Ljava/lang/Object;Ljava/lang/Object;)I> (0x00000000e1a02468) thrown at [C:\tmp\build-8\jdk8u\hotspot\src\share\vm\i
Event: 1.044 Thread 0x00000000024f2800 Exception <a 'java/lang/NoSuchMethodError': java.lang.Object.lambda$thenComparing$36697e65$1(Ljava/util/Comparator;Ljava/lang/Object;Ljava/lang/Object;)I> (0x00000000e1a0a080) thrown at [C:\tmp\build-8\jdk8u\hotspot\src\share\vm\interpreter\linkResolver.c
Event: 1.155 Thread 0x00000000024f2800 Exception <a 'java/lang/NoClassDefFoundError': javax/enterprise/inject/Typed> (0x00000000e1dea208) thrown at [C:\tmp\build-8\jdk8u\hotspot\src\share\vm\classfile\systemDictionary.cpp, line 206]
Event: 2.075 Thread 0x00000000024f2800 Implicit null exception at 0x0000000002924d4c to 0x0000000002924f05
Event: 2.445 Thread 0x00000000024f2800 Exception <a 'java/lang/NoClassDefFoundError': com/google/inject/servlet/ServletModuleTargetVisitor> (0x00000000e1751078) thrown at [C:\tmp\build-8\jdk8u\hotspot\src\share\vm\classfile\systemDictionary.cpp, line 206]
Event: 2.445 Thread 0x00000000024f2800 Exception <a 'java/lang/NoClassDefFoundError'> (0x00000000e1751078) thrown at [C:\tmp\build-8\jdk8u\hotspot\src\share\vm\prims\jvm.cpp, line 1528]

Events (10 events):
Event: 2.552 loading class org/apache/maven/project/artifact/DefaultMavenMetadataCache
Event: 2.552 loading class org/apache/maven/project/artifact/DefaultMavenMetadataCache done
Event: 2.552 loading class org/apache/maven/project/artifact/DefaultMavenMetadataCache
Event: 2.552 loading class org/apache/maven/project/artifact/DefaultMavenMetadataCache done
Event: 2.554 loading class org/eclipse/sisu/wire/EntrySetAdapter
Event: 2.554 loading class org/eclipse/sisu/wire/EntrySetAdapter done
Event: 2.555 loading class org/eclipse/aether/internal/impl/DefaultUpdateCheckManager$1
Event: 2.555 loading class org/eclipse/aether/internal/impl/DefaultUpdateCheckManager$1 done
Event: 2.557 loading class org/eclipse/sisu/wire/NamedIterableAdapter
Event: 2.557 loading class org/eclipse/sisu/wire/NamedIterableAdapter done


Dynamic libraries:
0x00007ff71f8c0000 - 0x00007ff71f8f5000 	D:\Program Files\NetBeansJDKs\OpenJDK8U-jdk_x64_windows_8u342b07\openjdk-8u342-b07\bin\java.exe
0x00007ff9a4650000 - 0x00007ff9a4848000 	C:\windows\SYSTEM32\ntdll.dll
0x00007ff9a2d70000 - 0x00007ff9a2e2d000 	C:\windows\System32\KERNEL32.DLL
0x00007ff9a1d60000 - 0x00007ff9a2056000 	C:\windows\System32\KERNELBASE.dll
0x00007ff9a44c0000 - 0x00007ff9a456e000 	C:\windows\System32\ADVAPI32.dll
0x00007ff9a4570000 - 0x00007ff9a460e000 	C:\windows\System32\msvcrt.dll
0x00007ff9a2ac0000 - 0x00007ff9a2b5c000 	C:\windows\System32\sechost.dll
0x00007ff9a2c40000 - 0x00007ff9a2d66000 	C:\windows\System32\RPCRT4.dll
0x00007ff9a2790000 - 0x00007ff9a292e000 	C:\windows\System32\USER32.dll
0x00007ff9a1d30000 - 0x00007ff9a1d52000 	C:\windows\System32\win32u.dll
0x00007ff9a2e30000 - 0x00007ff9a2e5c000 	C:\windows\System32\GDI32.dll
0x00007ff9a2400000 - 0x00007ff9a251a000 	C:\windows\System32\gdi32full.dll
0x00007ff9a2270000 - 0x00007ff9a230d000 	C:\windows\System32\msvcp_win.dll
0x00007ff9a2520000 - 0x00007ff9a2620000 	C:\windows\System32\ucrtbase.dll
0x00007ff988bb0000 - 0x00007ff988e4a000 	C:\windows\WinSxS\amd64_microsoft.windows.common-controls_6595b64144ccf1df_6.0.19041.1110_none_60b5254171f9507e\COMCTL32.dll
0x00007ff9a36e0000 - 0x00007ff9a3710000 	C:\windows\System32\IMM32.DLL
0x0000000067ab0000 - 0x0000000067b82000 	D:\Program Files\NetBeansJDKs\OpenJDK8U-jdk_x64_windows_8u342b07\openjdk-8u342-b07\jre\bin\msvcr100.dll
0x0000000067210000 - 0x0000000067aa9000 	D:\Program Files\NetBeansJDKs\OpenJDK8U-jdk_x64_windows_8u342b07\openjdk-8u342-b07\jre\bin\server\jvm.dll
0x00007ff9a2780000 - 0x00007ff9a2788000 	C:\windows\System32\PSAPI.DLL
0x00007ff998110000 - 0x00007ff99811a000 	C:\windows\SYSTEM32\VERSION.dll
0x00007ff9980e0000 - 0x00007ff998107000 	C:\windows\SYSTEM32\WINMM.dll
0x00007ff9885d0000 - 0x00007ff9885d9000 	C:\windows\SYSTEM32\WSOCK32.dll
0x00007ff9a3770000 - 0x00007ff9a37db000 	C:\windows\System32\WS2_32.dll
0x00007ff99d6e0000 - 0x00007ff99d6ef000 	D:\Program Files\NetBeansJDKs\OpenJDK8U-jdk_x64_windows_8u342b07\openjdk-8u342-b07\jre\bin\verify.dll
0x00007ff98b5f0000 - 0x00007ff98b619000 	D:\Program Files\NetBeansJDKs\OpenJDK8U-jdk_x64_windows_8u342b07\openjdk-8u342-b07\jre\bin\java.dll
0x00007ff98b5a0000 - 0x00007ff98b5b6000 	D:\Program Files\NetBeansJDKs\OpenJDK8U-jdk_x64_windows_8u342b07\openjdk-8u342-b07\jre\bin\zip.dll
0x00007ff9a3920000 - 0x00007ff9a4065000 	C:\windows\System32\SHELL32.dll
0x00007ff99fd80000 - 0x00007ff9a051b000 	C:\windows\SYSTEM32\windows.storage.dll
0x00007ff9a4070000 - 0x00007ff9a43c4000 	C:\windows\System32\combase.dll
0x00007ff9a16a0000 - 0x00007ff9a16ce000 	C:\windows\SYSTEM32\Wldp.dll
0x00007ff9a2a10000 - 0x00007ff9a2abd000 	C:\windows\System32\SHCORE.dll
0x00007ff9a3710000 - 0x00007ff9a3765000 	C:\windows\System32\shlwapi.dll
0x00007ff9a1c60000 - 0x00007ff9a1c85000 	C:\windows\SYSTEM32\profapi.dll
0x0000000069ac0000 - 0x0000000069ae4000 	D:\Program Files\NetBeans-18\netbeans\java\maven\lib\jansi-native\Windows\x86_64\jansi.dll

VM Arguments:
jvm_args: -Dclassworlds.conf=D:\Program Files\NetBeans-18\netbeans\java\maven\bin\m2.conf -Dmaven.home=D:\Program Files\NetBeans-18\netbeans\java\maven -Dlibrary.jansi.path=D:\Program Files\NetBeans-18\netbeans\java\maven\lib\jansi-native -Dmaven.multiModuleProjectDirectory=C:\Users\dr264\Documents\NetBeansProjects\Lab2_PLN0 
java_command: org.codehaus.plexus.classworlds.launcher.Launcher -Dnetbeans.deploy=true -Dexec.vmArgs= -Dexec.appArgs= -Dmaven.ext.class.path=D:\Program Files\NetBeans-18\netbeans\java\maven-nblib\netbeans-eventspy.jar -Dfile.encoding=UTF-8 --no-transfer-progress package
java_class_path (initial): D:\Program Files\NetBeans-18\netbeans\java\maven\boot\plexus-classworlds-2.6.0.jar
Launcher Type: SUN_STANDARD

Environment Variables:
JAVA_HOME=D:\Program Files\NetBeansJDKs\OpenJDK8U-jdk_x64_windows_8u342b07\openjdk-8u342-b07
PATH=C:\Program Files\Common Files\Oracle\Java\javapath;C:\Program Files\Eclipse Foundation\jdk-8.0.302.8-hotspot\bin;D:\Oracle\dbhomeXE\bin;C:\app\dr264\product\21c\dbhomeXE\bin;C:\Program Files (x86)\Common Files\Oracle\Java\javapath;C:\windows\system32;C:\windows;C:\windows\System32\Wbem;C:\windows\System32\WindowsPowerShell\v1.0\;C:\windows\System32\OpenSSH\;C:\Program Files\Microsoft SQL Server\130\Tools\Binn\;C:\Program Files\Microsoft SQL Server\Client SDK\ODBC\130\Tools\Binn\;C:\Program Files\Microsoft SQL Server\Client SDK\ODBC\170\Tools\Binn\;JAVA_HOME%\bin.;C:\Program Files\Microsoft SQL Server\150\Tools\Binn\;C:\Program Files\dotnet\;C:\Program Files\Docker\Docker\resources\bin;D:\Nodejs\;D:\Descargas\cmake-3.26.3-windows-x86_64\bin;D:\Program Files\Putty\;D:\Program Files\Git\cmd;C:\Users\dr264\AppData\Local\Programs\Python\Python310\Scripts\;C:\Users\dr264\AppData\Local\Programs\Python\Python310\;C:\Users\dr264\AppData\Local\Microsoft\WindowsApps;;C:\Program Files\Azure Data Studio\bin;C:\Users\dr264\.dotnet\tools;C:\Users\dr264\AppData\Roaming\npm;D:\Program Files\Microsoft VS Code\Microsoft VS Code\bin;C:\Users\dr264\AppData\Local\Programs\oh-my-posh\bin
USERNAME=dr264
OS=Windows_NT
PROCESSOR_IDENTIFIER=AMD64 Family 23 Model 24 Stepping 1, AuthenticAMD



---------------  S Y S T E M  ---------------

OS: Windows 10.0 , 64 bit Build 19041 (10.0.19041.3393)

CPU:total 4 (initial active 4) (4 cores per cpu, 1 threads per core) family 23 model 24 stepping 1, cmov, cx8, fxsr, mmx, sse, sse2, sse3, ssse3, sse4.1, sse4.2, popcnt, avx, avx2, aes, clmul, mmxext, 3dnowpref, lzcnt, sse4a, tsc, tscinvbit, tscinv, bmi1

Memory: 4k page, physical 6205464k(819840k free), swap 11188464k(4116k free)

vm_info: OpenJDK 64-Bit Server VM (25.342-b07) for windows-amd64 JRE (1.8.0_342-b07), built on Jul 16 2022 23:54:39 by "tester" with MS VC++ 10.0 (VS2010)

time: Sat Sep 23 07:52:53 2023
timezone: Central America Standard Time
elapsed time: 2.571286 seconds (0d 0h 0m 2s)

