JvmtiExport can_access_local_variables 0
JvmtiExport can_hotswap_or_post_breakpoint 0
JvmtiExport can_post_on_exceptions 0
# 340 ciObject found
ciMethod java/lang/Object <init> ()V 4097 1 195718 0 0
ciMethod java/lang/Object hashCode ()I 2049 1 256 0 -1
ciMethod java/lang/Object equals (Ljava/lang/Object;)Z 2465 1 4912 0 -1
ciMethod java/lang/String <init> ([CII)V 2889 1 5565 0 736
ciMethod java/lang/String <init> ([CZ)V 1969 1 8949 0 0
ciMethod java/lang/String length ()I 4097 1 75410 0 0
ciMethod java/lang/String codePointAt (I)I 0 0 125 0 -1
ciMethod java/lang/String getChars ([CI)V 2065 1 5406 0 0
ciMethod java/lang/String equals (Ljava/lang/Object;)Z 3113 16137 3559 0 -1
ciMethod java/lang/String equalsIgnoreCase (Ljava/lang/String;)Z 3609 1 5639 0 1664
ciMethod java/lang/String regionMatches (ZILjava/lang/String;II)Z 2361 7185 5468 0 1920
ciMethod java/lang/String startsWith (Ljava/lang/String;I)Z 2193 6737 4486 0 416
ciMethod java/lang/String endsWith (Ljava/lang/String;)Z 2265 1 25311 0 384
ciMethod java/lang/String hashCode ()I 2697 32769 1043 0 288
ciMethod java/lang/String lastIndexOf (I)I 3089 1 12039 0 0
ciMethod java/lang/String lastIndexOf (II)I 1025 49297 848 0 288
ciMethod java/lang/String lastIndexOfSupplementary (II)I 0 0 1 0 -1
ciMethod java/lang/String substring (II)Ljava/lang/String; 2081 1 5462 0 960
ciMethod java/lang/String concat (Ljava/lang/String;)Ljava/lang/String; 2065 1 5394 0 864
ciMethod java/lang/String replace (CC)Ljava/lang/String; 873 49537 864 0 1152
ciMethod java/lang/String toUpperCase (Ljava/util/Locale;)Ljava/lang/String; 873 26777 1050 0 -1
ciMethod java/lang/ClassLoader definePackage (Ljava/lang/String;Ljava/lang/String;Ljava/lang/String;Ljava/lang/String;Ljava/lang/String;Ljava/lang/String;Ljava/lang/String;Ljava/net/URL;)Ljava/lang/Package; 481 1 234 0 -1
ciMethod java/lang/ClassLoader getPackage (Ljava/lang/String;)Ljava/lang/Package; 3081 1 2878 0 0
ciMethod java/lang/System nanoTime ()J 3073 1 384 0 -1
ciMethod java/lang/System arraycopy (Ljava/lang/Object;ILjava/lang/Object;II)V 5121 1 640 0 -1
ciMethod java/lang/Throwable addSuppressed (Ljava/lang/Throwable;)V 0 0 1 0 -1
ciMethod java/security/SecureClassLoader defineClass (Ljava/lang/String;[BIILjava/security/CodeSource;)Ljava/lang/Class; 2097 1 1716 0 -1
ciMethod java/security/SecureClassLoader defineClass (Ljava/lang/String;Ljava/nio/ByteBuffer;Ljava/security/CodeSource;)Ljava/lang/Class; 0 0 1 0 -1
ciMethod java/lang/ref/Reference get ()Ljava/lang/Object; 1057 1 132 0 -1
ciMethod java/lang/ref/Reference <init> (Ljava/lang/Object;)V 2113 1 2615 0 0
ciMethod java/lang/ref/Reference <init> (Ljava/lang/Object;Ljava/lang/ref/ReferenceQueue;)V 2049 1 9432 0 96
ciMethod java/lang/ref/SoftReference <init> (Ljava/lang/Object;)V 2049 1 763 0 0
ciMethod java/lang/ref/SoftReference get ()Ljava/lang/Object; 2241 1 6532 0 0
ciMethod java/util/Map get (Ljava/lang/Object;)Ljava/lang/Object; 0 0 1 0 -1
ciMethod java/util/Map put (Ljava/lang/Object;Ljava/lang/Object;)Ljava/lang/Object; 0 0 1 0 -1
ciMethod sun/misc/Unsafe ensureClassInitialized (Ljava/lang/Class;)V 1305 1 127 0 -1
ciMethod java/io/InputStream close ()V 0 0 1 0 -1
ciMethod java/net/URLClassLoader getAndVerifyPackage (Ljava/lang/String;Ljava/util/jar/Manifest;Ljava/net/URL;)Ljava/lang/Package; 3089 1 1722 0 0
ciMethod java/net/URLClassLoader definePackageInternal (Ljava/lang/String;Ljava/util/jar/Manifest;Ljava/net/URL;)V 2097 1 1716 0 0
ciMethod java/net/URLClassLoader defineClass (Ljava/lang/String;Lsun/misc/Resource;)Ljava/lang/Class; 1073 1 1716 0 0
ciMethod java/net/URLClassLoader definePackage (Ljava/lang/String;Ljava/util/jar/Manifest;Ljava/net/URL;)Ljava/lang/Package; 473 1 233 0 0
ciMethod java/net/URLClassLoader isSealed (Ljava/lang/String;Ljava/util/jar/Manifest;)Z 2049 1 1483 0 0
ciMethod java/net/URLClassLoader access$000 (Ljava/net/URLClassLoader;)Lsun/misc/URLClassPath; 1041 1 130 0 0
ciMethod java/net/URLClassLoader access$100 (Ljava/net/URLClassLoader;Ljava/lang/String;Lsun/misc/Resource;)Ljava/lang/Class; 1073 1 1713 0 0
ciMethod java/util/jar/Manifest <init> (Ljava/io/InputStream;)V 145 1 46 0 0
ciMethod java/util/jar/Manifest <init> (Ljava/util/jar/JarVerifier;Ljava/io/InputStream;)V 145 1 46 0 -1
ciMethod java/util/jar/Manifest getMainAttributes ()Ljava/util/jar/Attributes; 1025 1 128 0 0
ciMethod java/util/jar/Manifest getEntries ()Ljava/util/Map; 1025 1 128 0 0
ciMethod java/util/jar/Manifest getAttributes (Ljava/lang/String;)Ljava/util/jar/Attributes; 2049 1 1719 0 0
ciMethod java/util/jar/Manifest getTrustedAttributes (Ljava/lang/String;)Ljava/util/jar/Attributes; 2049 1 1719 0 0
ciMethod java/util/jar/Manifest read (Ljava/io/InputStream;)V 369 1 46 0 -1
ciMethod java/security/CodeSource <init> (Ljava/net/URL;[Ljava/security/CodeSigner;)V 2097 1 1716 0 -1
ciMethod java/lang/Character charCount (I)I 25 1 8123 0 -1
ciMethod java/lang/Character toChars (I[CI)I 0 0 1 0 -1
ciMethod java/lang/Character toChars (I)[C 0 0 1 0 -1
ciMethod java/lang/Character toLowerCase (C)C 2057 1 8789 0 0
ciMethod java/lang/Character toLowerCase (I)I 4097 1 17305 0 0
ciMethod java/lang/Character toUpperCase (C)C 1265 1 7758 0 0
ciMethod java/lang/Character toUpperCase (I)I 1265 1 7758 0 0
ciMethod java/lang/Character toUpperCaseEx (I)I 2137 1 30651 0 -1
ciMethod java/lang/Character toUpperCaseCharArray (I)[C 0 0 1 0 -1
ciMethod java/util/Comparator compare (Ljava/lang/Object;Ljava/lang/Object;)I 0 0 1 0 -1
ciMethod sun/misc/SharedSecrets javaUtilJarAccess ()Lsun/misc/JavaUtilJarAccess; 2057 1 3480 0 0
ciMethod java/util/HashMap hash (Ljava/lang/Object;)I 2049 1 23396 0 0
ciMethod java/util/HashMap <init> ()V 153 1 2270 0 -1
ciMethod java/util/HashMap get (Ljava/lang/Object;)Ljava/lang/Object; 3153 1 11708 0 544
ciMethod java/util/HashMap getNode (ILjava/lang/Object;)Ljava/util/HashMap$Node; 2057 9 11964 0 512
ciMethod java/util/HashMap put (Ljava/lang/Object;Ljava/lang/Object;)Ljava/lang/Object; 969 1 5714 0 -1
ciMethod java/lang/Math min (II)I 3073 1 71693 0 -1
ciMethod java/util/Arrays copyOf ([CI)[C 985 1 10391 0 0
ciMethod java/util/Arrays copyOfRange ([CII)[C 3129 1 5643 0 480
ciMethod java/lang/CharacterData toLowerCase (I)I 0 0 1 0 -1
ciMethod java/lang/CharacterData toUpperCase (I)I 0 0 1 0 -1
ciMethod java/lang/CharacterData of (I)Ljava/lang/CharacterData; 4097 1 5779 0 96
ciMethod java/lang/CharacterDataLatin1 getProperties (I)I 4097 1 23299 0 -1
ciMethod java/lang/CharacterDataLatin1 toLowerCase (I)I 4097 1 5752 0 160
ciMethod java/lang/CharacterDataLatin1 toUpperCase (I)I 2049 1 5387 0 160
ciMethodData java/lang/Object <init> ()V 2 195722 orig 264 24 187 129 103 0 0 0 0 128 4 208 21 0 0 0 0 32 1 0 0 0 0 0 0 0 0 0 0 0 0 0 0 0 0 0 0 0 0 0 0 0 0 0 0 0 0 0 0 0 0 0 0 0 0 0 0 0 0 0 0 0 0 0 0 0 0 0 0 0 0 0 0 0 0 0 0 0 0 0 0 77 68 79 32 101 120 116 114 97 32 100 97 116 97 32 108 111 99 107 0 0 0 0 0 0 0 0 0 0 0 0 0 0 0 0 0 0 0 0 0 0 0 0 0 0 0 0 0 0 0 0 0 0 0 0 0 0 0 0 0 0 0 0 0 0 0 0 0 0 0 0 0 0 0 0 0 0 0 0 0 0 0 0 0 0 0 0 0 0 0 0 0 0 0 0 0 0 0 0 0 0 0 0 0 1 0 0 0 0 0 0 0 1 0 0 0 0 0 0 0 1 0 0 0 0 0 0 0 0 0 0 0 0 0 0 0 0 2 0 0 81 212 23 0 1 0 0 0 0 0 0 0 0 0 0 0 2 0 0 0 0 0 3 0 1 0 0 0 0 0 0 0 255 255 255 255 0 0 0 0 0 0 0 0 data 0 oops 0
ciMethod java/util/Locale getLanguage ()Ljava/lang/String; 241 1 773 0 -1
ciMethodData java/lang/Character toLowerCase (I)I 2 17305 orig 264 24 187 129 103 0 0 0 0 16 206 217 21 0 0 0 0 136 1 0 0 0 0 0 0 0 0 0 0 0 0 0 0 0 0 0 0 0 0 0 0 0 0 0 0 0 0 0 0 0 0 0 0 0 0 0 0 0 0 0 0 0 0 0 0 0 0 0 0 0 0 0 0 0 0 0 0 0 0 0 0 77 68 79 32 101 120 116 114 97 32 100 97 116 97 32 108 111 99 107 0 0 0 0 0 0 0 0 0 0 0 0 0 0 0 0 0 0 0 0 0 0 0 0 0 0 0 0 0 0 0 0 0 0 0 0 0 0 0 0 0 0 0 0 0 0 0 0 0 0 0 0 0 0 0 0 0 0 0 0 0 0 0 0 0 0 0 0 0 0 0 0 0 0 0 0 0 0 0 0 0 0 0 0 0 0 0 0 0 0 0 0 0 0 0 0 0 0 0 0 0 0 0 0 0 0 0 0 0 0 0 0 0 0 0 0 0 0 2 0 0 201 12 2 0 1 0 0 0 0 0 0 0 0 0 0 0 2 0 0 0 0 0 3 0 2 0 0 0 64 0 0 0 255 255 255 255 2 0 1 0 0 0 0 0 data 8 0x10002 0x4199 0x50005 0x0 0x19a20420 0x4199 0x0 0x0 oops 1